Server running on port 3333
SELECT id, nome, email, celular FROM docentes ORDER BY nome ASC
[]
Query executed successfully
Rows returned: 128
[
  { id: 86, nome: 'Adriana Ramos', email: '', celular: '' },
  { id: 95, nome: 'Adriana Vasconcelos', email: '', celular: '' },
  {
    id: 13,
    nome: 'Alejandra Pastorini Corleto',
    email: 'alejapasto@terra.com.br',
    celular: '9815-8240'
  },
  { id: 73, nome: 'Alessandra Gomes Mendes', email: '', celular: '' },
  { id: 157, nome: 'Aline Caldeira Lopes', email: '', celular: '' },
  {
    id: 104,
    nome: 'Alzira Mitz Bernardes Guarany',
    email: '',
    celular: ''
  },
  {
    id: 1,
    nome: 'Ana Izabel Pelegrino',
    email: 'aizabel@ig.com.br',
    celular: ''
  },
  {
    id: 2,
    nome: 'Andrea Maria de Paula Teixeira',
    email: 'andtex@ess.ufrj.br',
    celular: '9868-6654'
  },
  {
    id: 14,
    nome: 'Andrea Moraes Alves',
    email: 'moraes@ess.ufrj.br',
    celular: '9732-8534'
  },
  {
    id: 5,
    nome: 'Angela Maria Hygino Rangel',
    email: 'angela.h@globo.com',
    celular: '8800.0731'
  },
  {
    id: 60,
    nome: 'Cacilda Machado',
    email: 'cucamachado@uol.com.br',
    celular: '8808-9710'
  },
  { id: 155, nome: 'Caio Martins', email: '', celular: '' },
  {
    id: 145,
    nome: 'Carla Cecilia Campos Ferreira',
    email: '',
    celular: ''
  },
  {
    id: 4,
    nome: 'Carlos Eduardo Montaño Barreto',
    email: 'montano@ess.ufrj.br',
    celular: ''
  },
  {
    id: 65,
    nome: 'Carlos Nelson Coutinho',
    email: 'cncoutinho@attglobal.net',
    celular: ''
  },
  {
    id: 147,
    nome: 'Carmen Ferreira Corato Costa',
    email: '',
    celular: ''
  },
  {
    id: 72,
    nome: 'Cecília Paiva Neto Cavalcanti',
    email: 'cecia_cavalcante13@hotmail.com',
    celular: ''
  },
  {
    id: 132,
    nome: 'Cézar Henrique Miranda Coelho Maranhão',
    email: '',
    celular: ''
  },
  { id: 102, nome: 'Charles Toniolo De Souza', email: '', celular: '' },
  {
    id: 89,
    nome: 'Claudia Regina Tenorio Monteiro',
    email: '',
    celular: ''
  },
  {
    id: 61,
    nome: 'Cleusa Santos',
    email: 'cleusasantos@uol.com.br',
    celular: '9981-2908'
  },
  { id: 98, nome: 'Denise Luizete Berwanger', email: '', celular: '' },
  { id: 99, nome: 'Dulcéa Machado Martins', email: '', celular: '' },
  {
    id: 85,
    nome: 'Eblin Joseph Farrage',
    email: 'eblin@ig.com.br',
    celular: ''
  },
  {
    id: 20,
    nome: 'Eduardo Mourão Vasconcelos',
    email: 'vasconcelos@ax.apc.org',
    celular: ''
  },
  {
    id: 109,
    nome: 'Elaine Martins Moreira',
    email: 'e.moreira@ess.ufrj.br',
    celular: '97927.8552'
  },
  {
    id: 64,
    nome: 'Eliana Amorin Moura',
    email: 'eamoura@attglobal.net',
    celular: ''
  },
  {
    id: 24,
    nome: 'Erimaldo Matias Nicácio',
    email: 'erimaldo.nicacio@ess.ufrj.br',
    celular: '9602.9642'
  },
  {
    id: 96,
    nome: 'Escarletti dos Santos Pinto',
    email: '',
    celular: ''
  },
  {
    id: 17,
    nome: 'Fátima da Silva Grave',
    email: 'grave@compuland.com.br',
    celular: '8819-2043'
  },
  {
    id: 7,
    nome: 'Fátima Valéria Ferreira De Sousa',
    email: 'fvaleria@ess.ufrj.br',
    celular: ''
  },
  { id: 93, nome: 'Fernanda dos Reis Melo', email: '', celular: '' },
  { id: 136, nome: 'Fernanda Kilduff', email: '', celular: '' },
  { id: 92, nome: 'Fernando Cordeiro Barbosa', email: '', celular: '' },
  {
    id: 9,
    nome: 'Francisco Ary Fernandes de Medeiros',
    email: 'ary@ess.ufrj.br',
    celular: ''
  },
  {
    id: 10,
    nome: 'Gabriela Lema Icasuriaga',
    email: 'gabrielalemai@gmail.com',
    celular: '82727471'
  },
  {
    id: 158,
    nome: 'Genesis De Oliveira Pereira',
    email: '',
    celular: ''
  },
  {
    id: 28,
    nome: 'Giuseppe Mario Cocco',
    email: 'beppo@cfch.ufrj.br',
    celular: '8112-8187'
  },
  { id: 110, nome: 'Gláucia Lelis Alves', email: '', celular: '' },
  {
    id: 134,
    nome: 'Gracyelle Costa Ferreira',
    email: 'gracyellecosta09@gmail.com',
    celular: '98809.2813'
  },
  {
    id: 153,
    nome: 'Guilherme Silva de Almeida',
    email: '',
    celular: ''
  },
  {
    id: 111,
    nome: 'Gustavo Javier Repetti',
    email: 'gustavoessufrj@yahoo.com.br',
    celular: '7530.7323'
  },
  { id: 29, nome: 'Ilma Rezende Soares', email: '', celular: '' },
  {
    id: 58,
    nome: 'Ivan Joseph Charles Labelle',
    email: '',
    celular: ''
  },
  { id: 149, nome: 'Ivanete Salete Boschetti', email: '', celular: '' },
  { id: 30, nome: 'Ivete Ribeiro', email: '', celular: '' },
  {
    id: 31,
    nome: 'Iza Guerra Labelle',
    email: 'iza@cfch.ufrj.br',
    celular: ''
  },
  {
    id: 135,
    nome: 'Jadir Anunciação de Brito',
    email: null,
    celular: null
  },
  {
    id: 105,
    nome: 'Janaína Albuquerque de Camargo Schmidt',
    email: '',
    celular: ''
  },
  {
    id: 32,
    nome: 'Janete Luzia Leite',
    email: 'janetel@uol.com.br',
    celular: '9944-3720'
  },
  {
    id: 11,
    nome: 'Jean Robert Weisshaupt',
    email: 'jeanrobert@ess.ufrj.br',
    celular: ''
  },
  {
    id: 16,
    nome: 'Joana Angelica Barbosa Garcia',
    email: 'joana@ess.ujfr.br',
    celular: ''
  },
  {
    id: 33,
    nome: 'José Augusto Vaz Sampaio Bisneto',
    email: 'zea@ess.ufrj.br',
    celular: ''
  },
  {
    id: 34,
    nome: 'José Maria Gomes',
    email: 'jgomez@uol.com.br',
    celular: '8122-0603'
  },
  {
    id: 35,
    nome: 'José Paulo Netto',
    email: 'jpnetto@uol.com.br',
    celular: ''
  },
  {
    id: 36,
    nome: 'José Pedro Simões Neto',
    email: 'jpsimoes@ess.ufrj.br',
    celular: '9819-2402'
  },
  { id: 141, nome: 'Karla Fernanda Valle', email: '', celular: '' },
  { id: 107, nome: 'Kátia Sento Sé Mello', email: '', celular: '' },
  {
    id: 83,
    nome: 'Larissa Dahmer Pereira',
    email: 'larissadahmer@hotmail.com',
    celular: ''
  },
  { id: 25, nome: 'Laudicéa de Souza Pinto', email: '', celular: '' },
  {
    id: 26,
    nome: 'Leila Escorsim Machado',
    email: 'leila@ess.ufrj.br',
    celular: '9644.6797'
  },
  {
    id: 37,
    nome: 'Leilah Landim Assumpção',
    email: 'llah48@hotmail.com',
    celular: ''
  },
  {
    id: 113,
    nome: 'Leile Silvia Cândido Teixeira',
    email: 'leileteixeiragyn@gmail.com',
    celular: '98848.1188'
  },
  {
    id: 38,
    nome: 'Lenise Lima Fernandes',
    email: 'fernandes@ess.ufrj.br',
    celular: '9803-0096'
  },
  {
    id: 39,
    nome: 'Lilia Guimarães Pougy',
    email: 'lilpougy@zaz.com.br',
    celular: '9956-7800'
  },
  {
    id: 81,
    nome: 'Luana de Souza Siqueira',
    email: 'luanass81@yahoo.com.br',
    celular: ''
  },
  {
    id: 94,
    nome: 'Lúcia Maria da Silva Soares',
    email: '',
    celular: ''
  },
  {
    id: 40,
    nome: 'Lúcia Maria de Carvalho Aragão',
    email: '',
    celular: ''
  },
  {
    id: 22,
    nome: 'Luciana Patrícia Zucco',
    email: 'zucco@ess.ufrj.br',
    celular: '9382-4155'
  },
  {
    id: 15,
    nome: 'Ludmila Fontenele Cavalcanti',
    email: 'ludmario@osite.com.br',
    celular: '9382-4155'
  },
  {
    id: 3,
    nome: 'Luis Eduardo Acosta Acosta',
    email: 'luis@ess.ufjr.br',
    celular: '99987.3711'
  },
  {
    id: 160,
    nome: 'Mably Jane Trindade Tenenblat',
    email: '',
    celular: ''
  },
  {
    id: 142,
    nome: 'Marcelle dos Santos Cordon',
    email: '',
    celular: ''
  },
  {
    id: 19,
    nome: 'Marcelo Braz Moraes Dos Reis',
    email: 'marcelobraz@ess.ufrj.br',
    celular: ''
  },
  {
    id: 101,
    nome: 'Marcos Paulo Oliveira Botelho',
    email: '',
    celular: ''
  },
  { id: 23, nome: 'Maria Carmen Jacob', email: '', celular: '' },
  {
    id: 97,
    nome: 'Maria Cecília Ulhôa Cintra de Mendonça',
    email: '',
    celular: ''
  },
  {
    id: 18,
    nome: 'Maria das Dores Campos Machado',
    email: 'mdcmachado@alternex.com.br',
    celular: '9963-7435'
  },
  {
    id: 41,
    nome: 'Maria de Fátima Cabral Marques Gomes',
    email: 'fgomes@ess.ufrj.br',
    celular: '9344-5744'
  },
  {
    id: 62,
    nome: 'Maria Elizabeth Rondelli de Oliveira',
    email: 'rondelli@rjnet.com.br',
    celular: '8121-0882'
  },
  {
    id: 146,
    nome: 'Maria Josefina Mastropaolo',
    email: '',
    celular: ''
  },
  {
    id: 67,
    nome: 'Maria Lídia Souza da Silveira',
    email: '',
    celular: '9465-1939'
  },
  {
    id: 42,
    nome: 'Maria Magdala Vasconcelos de Araújo',
    email: 'jobmag@gbl.com.br',
    celular: '8147.8153'
  },
  {
    id: 87,
    nome: 'Maria Nasaré Ferreira Pinto',
    email: '',
    celular: ''
  },
  {
    id: 79,
    nome: 'Maria Raimunda Penha Soares',
    email: 'raysoares@hotmail.com',
    celular: ''
  },
  { id: 68, nome: 'Marildo Menegat', email: '', celular: '' },
  {
    id: 44,
    nome: 'Mariléia Marinho Franco Inoue',
    email: 'marilea@ess.ufrj.br',
    celular: '9997-0201'
  },
  {
    id: 43,
    nome: 'Mariléia Venâncio Porfirio',
    email: 'marilea@ess.ufrj.br',
    celular: ''
  },
  {
    id: 103,
    nome: 'Marilene Aparecida Coelho',
    email: 'marileneapc@hotmail.com',
    celular: ''
  },
  {
    id: 148,
    nome: 'Marina Machado de Magalhães Gouvêa',
    email: '',
    celular: ''
  },
  {
    id: 76,
    nome: 'Maristela Dal Moro',
    email: 'dalmororj@uol.com.br',
    celular: '9768.7668'
  },
  {
    id: 12,
    nome: 'Marlise Vinagre Silva',
    email: 'marlisevinagre@zipmail.com.br',
    celular: '9671-7379'
  },
  {
    id: 150,
    nome: 'Martha Fortuna Pereira Bastos',
    email: '',
    celular: ''
  },
  { id: 154, nome: 'Mathias Seibel Luce', email: '', celular: '' },
  { id: 100, nome: 'Mauro Luis Iasi', email: '', celular: '' },
  {
    id: 45,
    nome: 'Mavi Pacheco Rodrigues',
    email: 'mavirodrigues@uol.com.br',
    celular: ''
  },
  {
    id: 133,
    nome: 'Mirella Farías Rocha',
    email: 'm.rocha@ess.ufrj.br',
    celular: ''
  },
  {
    id: 77,
    nome: 'Miriam Azambuja Guindani',
    email: 'miriamguindani@terra.com.br',
    celular: ''
  },
  {
    id: 137,
    nome: 'Mossicleia Mendes da Silva',
    email: 'mossi_c@yahoo.com.br',
    celular: ''
  },
  {
    id: 46,
    nome: 'Myriam Moraes Lins de Barros',
    email: 'hlins@openlink.com.br',
    celular: ''
  },
  ... 28 more items
]
SELECT id, nome, email, celular FROM docentes ORDER BY nome ASC
[]
Query executed successfully
Rows returned: 128
[
  { id: 86, nome: 'Adriana Ramos', email: '', celular: '' },
  { id: 95, nome: 'Adriana Vasconcelos', email: '', celular: '' },
  {
    id: 13,
    nome: 'Alejandra Pastorini Corleto',
    email: 'alejapasto@terra.com.br',
    celular: '9815-8240'
  },
  { id: 73, nome: 'Alessandra Gomes Mendes', email: '', celular: '' },
  { id: 157, nome: 'Aline Caldeira Lopes', email: '', celular: '' },
  {
    id: 104,
    nome: 'Alzira Mitz Bernardes Guarany',
    email: '',
    celular: ''
  },
  {
    id: 1,
    nome: 'Ana Izabel Pelegrino',
    email: 'aizabel@ig.com.br',
    celular: ''
  },
  {
    id: 2,
    nome: 'Andrea Maria de Paula Teixeira',
    email: 'andtex@ess.ufrj.br',
    celular: '9868-6654'
  },
  {
    id: 14,
    nome: 'Andrea Moraes Alves',
    email: 'moraes@ess.ufrj.br',
    celular: '9732-8534'
  },
  {
    id: 5,
    nome: 'Angela Maria Hygino Rangel',
    email: 'angela.h@globo.com',
    celular: '8800.0731'
  },
  {
    id: 60,
    nome: 'Cacilda Machado',
    email: 'cucamachado@uol.com.br',
    celular: '8808-9710'
  },
  { id: 155, nome: 'Caio Martins', email: '', celular: '' },
  {
    id: 145,
    nome: 'Carla Cecilia Campos Ferreira',
    email: '',
    celular: ''
  },
  {
    id: 4,
    nome: 'Carlos Eduardo Montaño Barreto',
    email: 'montano@ess.ufrj.br',
    celular: ''
  },
  {
    id: 65,
    nome: 'Carlos Nelson Coutinho',
    email: 'cncoutinho@attglobal.net',
    celular: ''
  },
  {
    id: 147,
    nome: 'Carmen Ferreira Corato Costa',
    email: '',
    celular: ''
  },
  {
    id: 72,
    nome: 'Cecília Paiva Neto Cavalcanti',
    email: 'cecia_cavalcante13@hotmail.com',
    celular: ''
  },
  {
    id: 132,
    nome: 'Cézar Henrique Miranda Coelho Maranhão',
    email: '',
    celular: ''
  },
  { id: 102, nome: 'Charles Toniolo De Souza', email: '', celular: '' },
  {
    id: 89,
    nome: 'Claudia Regina Tenorio Monteiro',
    email: '',
    celular: ''
  },
  {
    id: 61,
    nome: 'Cleusa Santos',
    email: 'cleusasantos@uol.com.br',
    celular: '9981-2908'
  },
  { id: 98, nome: 'Denise Luizete Berwanger', email: '', celular: '' },
  { id: 99, nome: 'Dulcéa Machado Martins', email: '', celular: '' },
  {
    id: 85,
    nome: 'Eblin Joseph Farrage',
    email: 'eblin@ig.com.br',
    celular: ''
  },
  {
    id: 20,
    nome: 'Eduardo Mourão Vasconcelos',
    email: 'vasconcelos@ax.apc.org',
    celular: ''
  },
  {
    id: 109,
    nome: 'Elaine Martins Moreira',
    email: 'e.moreira@ess.ufrj.br',
    celular: '97927.8552'
  },
  {
    id: 64,
    nome: 'Eliana Amorin Moura',
    email: 'eamoura@attglobal.net',
    celular: ''
  },
  {
    id: 24,
    nome: 'Erimaldo Matias Nicácio',
    email: 'erimaldo.nicacio@ess.ufrj.br',
    celular: '9602.9642'
  },
  {
    id: 96,
    nome: 'Escarletti dos Santos Pinto',
    email: '',
    celular: ''
  },
  {
    id: 17,
    nome: 'Fátima da Silva Grave',
    email: 'grave@compuland.com.br',
    celular: '8819-2043'
  },
  {
    id: 7,
    nome: 'Fátima Valéria Ferreira De Sousa',
    email: 'fvaleria@ess.ufrj.br',
    celular: ''
  },
  { id: 93, nome: 'Fernanda dos Reis Melo', email: '', celular: '' },
  { id: 136, nome: 'Fernanda Kilduff', email: '', celular: '' },
  { id: 92, nome: 'Fernando Cordeiro Barbosa', email: '', celular: '' },
  {
    id: 9,
    nome: 'Francisco Ary Fernandes de Medeiros',
    email: 'ary@ess.ufrj.br',
    celular: ''
  },
  {
    id: 10,
    nome: 'Gabriela Lema Icasuriaga',
    email: 'gabrielalemai@gmail.com',
    celular: '82727471'
  },
  {
    id: 158,
    nome: 'Genesis De Oliveira Pereira',
    email: '',
    celular: ''
  },
  {
    id: 28,
    nome: 'Giuseppe Mario Cocco',
    email: 'beppo@cfch.ufrj.br',
    celular: '8112-8187'
  },
  { id: 110, nome: 'Gláucia Lelis Alves', email: '', celular: '' },
  {
    id: 134,
    nome: 'Gracyelle Costa Ferreira',
    email: 'gracyellecosta09@gmail.com',
    celular: '98809.2813'
  },
  {
    id: 153,
    nome: 'Guilherme Silva de Almeida',
    email: '',
    celular: ''
  },
  {
    id: 111,
    nome: 'Gustavo Javier Repetti',
    email: 'gustavoessufrj@yahoo.com.br',
    celular: '7530.7323'
  },
  { id: 29, nome: 'Ilma Rezende Soares', email: '', celular: '' },
  {
    id: 58,
    nome: 'Ivan Joseph Charles Labelle',
    email: '',
    celular: ''
  },
  { id: 149, nome: 'Ivanete Salete Boschetti', email: '', celular: '' },
  { id: 30, nome: 'Ivete Ribeiro', email: '', celular: '' },
  {
    id: 31,
    nome: 'Iza Guerra Labelle',
    email: 'iza@cfch.ufrj.br',
    celular: ''
  },
  {
    id: 135,
    nome: 'Jadir Anunciação de Brito',
    email: null,
    celular: null
  },
  {
    id: 105,
    nome: 'Janaína Albuquerque de Camargo Schmidt',
    email: '',
    celular: ''
  },
  {
    id: 32,
    nome: 'Janete Luzia Leite',
    email: 'janetel@uol.com.br',
    celular: '9944-3720'
  },
  {
    id: 11,
    nome: 'Jean Robert Weisshaupt',
    email: 'jeanrobert@ess.ufrj.br',
    celular: ''
  },
  {
    id: 16,
    nome: 'Joana Angelica Barbosa Garcia',
    email: 'joana@ess.ujfr.br',
    celular: ''
  },
  {
    id: 33,
    nome: 'José Augusto Vaz Sampaio Bisneto',
    email: 'zea@ess.ufrj.br',
    celular: ''
  },
  {
    id: 34,
    nome: 'José Maria Gomes',
    email: 'jgomez@uol.com.br',
    celular: '8122-0603'
  },
  {
    id: 35,
    nome: 'José Paulo Netto',
    email: 'jpnetto@uol.com.br',
    celular: ''
  },
  {
    id: 36,
    nome: 'José Pedro Simões Neto',
    email: 'jpsimoes@ess.ufrj.br',
    celular: '9819-2402'
  },
  { id: 141, nome: 'Karla Fernanda Valle', email: '', celular: '' },
  { id: 107, nome: 'Kátia Sento Sé Mello', email: '', celular: '' },
  {
    id: 83,
    nome: 'Larissa Dahmer Pereira',
    email: 'larissadahmer@hotmail.com',
    celular: ''
  },
  { id: 25, nome: 'Laudicéa de Souza Pinto', email: '', celular: '' },
  {
    id: 26,
    nome: 'Leila Escorsim Machado',
    email: 'leila@ess.ufrj.br',
    celular: '9644.6797'
  },
  {
    id: 37,
    nome: 'Leilah Landim Assumpção',
    email: 'llah48@hotmail.com',
    celular: ''
  },
  {
    id: 113,
    nome: 'Leile Silvia Cândido Teixeira',
    email: 'leileteixeiragyn@gmail.com',
    celular: '98848.1188'
  },
  {
    id: 38,
    nome: 'Lenise Lima Fernandes',
    email: 'fernandes@ess.ufrj.br',
    celular: '9803-0096'
  },
  {
    id: 39,
    nome: 'Lilia Guimarães Pougy',
    email: 'lilpougy@zaz.com.br',
    celular: '9956-7800'
  },
  {
    id: 81,
    nome: 'Luana de Souza Siqueira',
    email: 'luanass81@yahoo.com.br',
    celular: ''
  },
  {
    id: 94,
    nome: 'Lúcia Maria da Silva Soares',
    email: '',
    celular: ''
  },
  {
    id: 40,
    nome: 'Lúcia Maria de Carvalho Aragão',
    email: '',
    celular: ''
  },
  {
    id: 22,
    nome: 'Luciana Patrícia Zucco',
    email: 'zucco@ess.ufrj.br',
    celular: '9382-4155'
  },
  {
    id: 15,
    nome: 'Ludmila Fontenele Cavalcanti',
    email: 'ludmario@osite.com.br',
    celular: '9382-4155'
  },
  {
    id: 3,
    nome: 'Luis Eduardo Acosta Acosta',
    email: 'luis@ess.ufjr.br',
    celular: '99987.3711'
  },
  {
    id: 160,
    nome: 'Mably Jane Trindade Tenenblat',
    email: '',
    celular: ''
  },
  {
    id: 142,
    nome: 'Marcelle dos Santos Cordon',
    email: '',
    celular: ''
  },
  {
    id: 19,
    nome: 'Marcelo Braz Moraes Dos Reis',
    email: 'marcelobraz@ess.ufrj.br',
    celular: ''
  },
  {
    id: 101,
    nome: 'Marcos Paulo Oliveira Botelho',
    email: '',
    celular: ''
  },
  { id: 23, nome: 'Maria Carmen Jacob', email: '', celular: '' },
  {
    id: 97,
    nome: 'Maria Cecília Ulhôa Cintra de Mendonça',
    email: '',
    celular: ''
  },
  {
    id: 18,
    nome: 'Maria das Dores Campos Machado',
    email: 'mdcmachado@alternex.com.br',
    celular: '9963-7435'
  },
  {
    id: 41,
    nome: 'Maria de Fátima Cabral Marques Gomes',
    email: 'fgomes@ess.ufrj.br',
    celular: '9344-5744'
  },
  {
    id: 62,
    nome: 'Maria Elizabeth Rondelli de Oliveira',
    email: 'rondelli@rjnet.com.br',
    celular: '8121-0882'
  },
  {
    id: 146,
    nome: 'Maria Josefina Mastropaolo',
    email: '',
    celular: ''
  },
  {
    id: 67,
    nome: 'Maria Lídia Souza da Silveira',
    email: '',
    celular: '9465-1939'
  },
  {
    id: 42,
    nome: 'Maria Magdala Vasconcelos de Araújo',
    email: 'jobmag@gbl.com.br',
    celular: '8147.8153'
  },
  {
    id: 87,
    nome: 'Maria Nasaré Ferreira Pinto',
    email: '',
    celular: ''
  },
  {
    id: 79,
    nome: 'Maria Raimunda Penha Soares',
    email: 'raysoares@hotmail.com',
    celular: ''
  },
  { id: 68, nome: 'Marildo Menegat', email: '', celular: '' },
  {
    id: 44,
    nome: 'Mariléia Marinho Franco Inoue',
    email: 'marilea@ess.ufrj.br',
    celular: '9997-0201'
  },
  {
    id: 43,
    nome: 'Mariléia Venâncio Porfirio',
    email: 'marilea@ess.ufrj.br',
    celular: ''
  },
  {
    id: 103,
    nome: 'Marilene Aparecida Coelho',
    email: 'marileneapc@hotmail.com',
    celular: ''
  },
  {
    id: 148,
    nome: 'Marina Machado de Magalhães Gouvêa',
    email: '',
    celular: ''
  },
  {
    id: 76,
    nome: 'Maristela Dal Moro',
    email: 'dalmororj@uol.com.br',
    celular: '9768.7668'
  },
  {
    id: 12,
    nome: 'Marlise Vinagre Silva',
    email: 'marlisevinagre@zipmail.com.br',
    celular: '9671-7379'
  },
  {
    id: 150,
    nome: 'Martha Fortuna Pereira Bastos',
    email: '',
    celular: ''
  },
  { id: 154, nome: 'Mathias Seibel Luce', email: '', celular: '' },
  { id: 100, nome: 'Mauro Luis Iasi', email: '', celular: '' },
  {
    id: 45,
    nome: 'Mavi Pacheco Rodrigues',
    email: 'mavirodrigues@uol.com.br',
    celular: ''
  },
  {
    id: 133,
    nome: 'Mirella Farías Rocha',
    email: 'm.rocha@ess.ufrj.br',
    celular: ''
  },
  {
    id: 77,
    nome: 'Miriam Azambuja Guindani',
    email: 'miriamguindani@terra.com.br',
    celular: ''
  },
  {
    id: 137,
    nome: 'Mossicleia Mendes da Silva',
    email: 'mossi_c@yahoo.com.br',
    celular: ''
  },
  {
    id: 46,
    nome: 'Myriam Moraes Lins de Barros',
    email: 'hlins@openlink.com.br',
    celular: ''
  },
  ... 28 more items
]
SELECT id, nome, email, celular FROM docentes ORDER BY nome ASC
[]
Query executed successfully
Rows returned: 128
[
  { id: 86, nome: 'Adriana Ramos', email: '', celular: '' },
  { id: 95, nome: 'Adriana Vasconcelos', email: '', celular: '' },
  {
    id: 13,
    nome: 'Alejandra Pastorini Corleto',
    email: 'alejapasto@terra.com.br',
    celular: '9815-8240'
  },
  { id: 73, nome: 'Alessandra Gomes Mendes', email: '', celular: '' },
  { id: 157, nome: 'Aline Caldeira Lopes', email: '', celular: '' },
  {
    id: 104,
    nome: 'Alzira Mitz Bernardes Guarany',
    email: '',
    celular: ''
  },
  {
    id: 1,
    nome: 'Ana Izabel Pelegrino',
    email: 'aizabel@ig.com.br',
    celular: ''
  },
  {
    id: 2,
    nome: 'Andrea Maria de Paula Teixeira',
    email: 'andtex@ess.ufrj.br',
    celular: '9868-6654'
  },
  {
    id: 14,
    nome: 'Andrea Moraes Alves',
    email: 'moraes@ess.ufrj.br',
    celular: '9732-8534'
  },
  {
    id: 5,
    nome: 'Angela Maria Hygino Rangel',
    email: 'angela.h@globo.com',
    celular: '8800.0731'
  },
  {
    id: 60,
    nome: 'Cacilda Machado',
    email: 'cucamachado@uol.com.br',
    celular: '8808-9710'
  },
  { id: 155, nome: 'Caio Martins', email: '', celular: '' },
  {
    id: 145,
    nome: 'Carla Cecilia Campos Ferreira',
    email: '',
    celular: ''
  },
  {
    id: 4,
    nome: 'Carlos Eduardo Montaño Barreto',
    email: 'montano@ess.ufrj.br',
    celular: ''
  },
  {
    id: 65,
    nome: 'Carlos Nelson Coutinho',
    email: 'cncoutinho@attglobal.net',
    celular: ''
  },
  {
    id: 147,
    nome: 'Carmen Ferreira Corato Costa',
    email: '',
    celular: ''
  },
  {
    id: 72,
    nome: 'Cecília Paiva Neto Cavalcanti',
    email: 'cecia_cavalcante13@hotmail.com',
    celular: ''
  },
  {
    id: 132,
    nome: 'Cézar Henrique Miranda Coelho Maranhão',
    email: '',
    celular: ''
  },
  { id: 102, nome: 'Charles Toniolo De Souza', email: '', celular: '' },
  {
    id: 89,
    nome: 'Claudia Regina Tenorio Monteiro',
    email: '',
    celular: ''
  },
  {
    id: 61,
    nome: 'Cleusa Santos',
    email: 'cleusasantos@uol.com.br',
    celular: '9981-2908'
  },
  { id: 98, nome: 'Denise Luizete Berwanger', email: '', celular: '' },
  { id: 99, nome: 'Dulcéa Machado Martins', email: '', celular: '' },
  {
    id: 85,
    nome: 'Eblin Joseph Farrage',
    email: 'eblin@ig.com.br',
    celular: ''
  },
  {
    id: 20,
    nome: 'Eduardo Mourão Vasconcelos',
    email: 'vasconcelos@ax.apc.org',
    celular: ''
  },
  {
    id: 109,
    nome: 'Elaine Martins Moreira',
    email: 'e.moreira@ess.ufrj.br',
    celular: '97927.8552'
  },
  {
    id: 64,
    nome: 'Eliana Amorin Moura',
    email: 'eamoura@attglobal.net',
    celular: ''
  },
  {
    id: 24,
    nome: 'Erimaldo Matias Nicácio',
    email: 'erimaldo.nicacio@ess.ufrj.br',
    celular: '9602.9642'
  },
  {
    id: 96,
    nome: 'Escarletti dos Santos Pinto',
    email: '',
    celular: ''
  },
  {
    id: 17,
    nome: 'Fátima da Silva Grave',
    email: 'grave@compuland.com.br',
    celular: '8819-2043'
  },
  {
    id: 7,
    nome: 'Fátima Valéria Ferreira De Sousa',
    email: 'fvaleria@ess.ufrj.br',
    celular: ''
  },
  { id: 93, nome: 'Fernanda dos Reis Melo', email: '', celular: '' },
  { id: 136, nome: 'Fernanda Kilduff', email: '', celular: '' },
  { id: 92, nome: 'Fernando Cordeiro Barbosa', email: '', celular: '' },
  {
    id: 9,
    nome: 'Francisco Ary Fernandes de Medeiros',
    email: 'ary@ess.ufrj.br',
    celular: ''
  },
  {
    id: 10,
    nome: 'Gabriela Lema Icasuriaga',
    email: 'gabrielalemai@gmail.com',
    celular: '82727471'
  },
  {
    id: 158,
    nome: 'Genesis De Oliveira Pereira',
    email: '',
    celular: ''
  },
  {
    id: 28,
    nome: 'Giuseppe Mario Cocco',
    email: 'beppo@cfch.ufrj.br',
    celular: '8112-8187'
  },
  { id: 110, nome: 'Gláucia Lelis Alves', email: '', celular: '' },
  {
    id: 134,
    nome: 'Gracyelle Costa Ferreira',
    email: 'gracyellecosta09@gmail.com',
    celular: '98809.2813'
  },
  {
    id: 153,
    nome: 'Guilherme Silva de Almeida',
    email: '',
    celular: ''
  },
  {
    id: 111,
    nome: 'Gustavo Javier Repetti',
    email: 'gustavoessufrj@yahoo.com.br',
    celular: '7530.7323'
  },
  { id: 29, nome: 'Ilma Rezende Soares', email: '', celular: '' },
  {
    id: 58,
    nome: 'Ivan Joseph Charles Labelle',
    email: '',
    celular: ''
  },
  { id: 149, nome: 'Ivanete Salete Boschetti', email: '', celular: '' },
  { id: 30, nome: 'Ivete Ribeiro', email: '', celular: '' },
  {
    id: 31,
    nome: 'Iza Guerra Labelle',
    email: 'iza@cfch.ufrj.br',
    celular: ''
  },
  {
    id: 135,
    nome: 'Jadir Anunciação de Brito',
    email: null,
    celular: null
  },
  {
    id: 105,
    nome: 'Janaína Albuquerque de Camargo Schmidt',
    email: '',
    celular: ''
  },
  {
    id: 32,
    nome: 'Janete Luzia Leite',
    email: 'janetel@uol.com.br',
    celular: '9944-3720'
  },
  {
    id: 11,
    nome: 'Jean Robert Weisshaupt',
    email: 'jeanrobert@ess.ufrj.br',
    celular: ''
  },
  {
    id: 16,
    nome: 'Joana Angelica Barbosa Garcia',
    email: 'joana@ess.ujfr.br',
    celular: ''
  },
  {
    id: 33,
    nome: 'José Augusto Vaz Sampaio Bisneto',
    email: 'zea@ess.ufrj.br',
    celular: ''
  },
  {
    id: 34,
    nome: 'José Maria Gomes',
    email: 'jgomez@uol.com.br',
    celular: '8122-0603'
  },
  {
    id: 35,
    nome: 'José Paulo Netto',
    email: 'jpnetto@uol.com.br',
    celular: ''
  },
  {
    id: 36,
    nome: 'José Pedro Simões Neto',
    email: 'jpsimoes@ess.ufrj.br',
    celular: '9819-2402'
  },
  { id: 141, nome: 'Karla Fernanda Valle', email: '', celular: '' },
  { id: 107, nome: 'Kátia Sento Sé Mello', email: '', celular: '' },
  {
    id: 83,
    nome: 'Larissa Dahmer Pereira',
    email: 'larissadahmer@hotmail.com',
    celular: ''
  },
  { id: 25, nome: 'Laudicéa de Souza Pinto', email: '', celular: '' },
  {
    id: 26,
    nome: 'Leila Escorsim Machado',
    email: 'leila@ess.ufrj.br',
    celular: '9644.6797'
  },
  {
    id: 37,
    nome: 'Leilah Landim Assumpção',
    email: 'llah48@hotmail.com',
    celular: ''
  },
  {
    id: 113,
    nome: 'Leile Silvia Cândido Teixeira',
    email: 'leileteixeiragyn@gmail.com',
    celular: '98848.1188'
  },
  {
    id: 38,
    nome: 'Lenise Lima Fernandes',
    email: 'fernandes@ess.ufrj.br',
    celular: '9803-0096'
  },
  {
    id: 39,
    nome: 'Lilia Guimarães Pougy',
    email: 'lilpougy@zaz.com.br',
    celular: '9956-7800'
  },
  {
    id: 81,
    nome: 'Luana de Souza Siqueira',
    email: 'luanass81@yahoo.com.br',
    celular: ''
  },
  {
    id: 94,
    nome: 'Lúcia Maria da Silva Soares',
    email: '',
    celular: ''
  },
  {
    id: 40,
    nome: 'Lúcia Maria de Carvalho Aragão',
    email: '',
    celular: ''
  },
  {
    id: 22,
    nome: 'Luciana Patrícia Zucco',
    email: 'zucco@ess.ufrj.br',
    celular: '9382-4155'
  },
  {
    id: 15,
    nome: 'Ludmila Fontenele Cavalcanti',
    email: 'ludmario@osite.com.br',
    celular: '9382-4155'
  },
  {
    id: 3,
    nome: 'Luis Eduardo Acosta Acosta',
    email: 'luis@ess.ufjr.br',
    celular: '99987.3711'
  },
  {
    id: 160,
    nome: 'Mably Jane Trindade Tenenblat',
    email: '',
    celular: ''
  },
  {
    id: 142,
    nome: 'Marcelle dos Santos Cordon',
    email: '',
    celular: ''
  },
  {
    id: 19,
    nome: 'Marcelo Braz Moraes Dos Reis',
    email: 'marcelobraz@ess.ufrj.br',
    celular: ''
  },
  {
    id: 101,
    nome: 'Marcos Paulo Oliveira Botelho',
    email: '',
    celular: ''
  },
  { id: 23, nome: 'Maria Carmen Jacob', email: '', celular: '' },
  {
    id: 97,
    nome: 'Maria Cecília Ulhôa Cintra de Mendonça',
    email: '',
    celular: ''
  },
  {
    id: 18,
    nome: 'Maria das Dores Campos Machado',
    email: 'mdcmachado@alternex.com.br',
    celular: '9963-7435'
  },
  {
    id: 41,
    nome: 'Maria de Fátima Cabral Marques Gomes',
    email: 'fgomes@ess.ufrj.br',
    celular: '9344-5744'
  },
  {
    id: 62,
    nome: 'Maria Elizabeth Rondelli de Oliveira',
    email: 'rondelli@rjnet.com.br',
    celular: '8121-0882'
  },
  {
    id: 146,
    nome: 'Maria Josefina Mastropaolo',
    email: '',
    celular: ''
  },
  {
    id: 67,
    nome: 'Maria Lídia Souza da Silveira',
    email: '',
    celular: '9465-1939'
  },
  {
    id: 42,
    nome: 'Maria Magdala Vasconcelos de Araújo',
    email: 'jobmag@gbl.com.br',
    celular: '8147.8153'
  },
  {
    id: 87,
    nome: 'Maria Nasaré Ferreira Pinto',
    email: '',
    celular: ''
  },
  {
    id: 79,
    nome: 'Maria Raimunda Penha Soares',
    email: 'raysoares@hotmail.com',
    celular: ''
  },
  { id: 68, nome: 'Marildo Menegat', email: '', celular: '' },
  {
    id: 44,
    nome: 'Mariléia Marinho Franco Inoue',
    email: 'marilea@ess.ufrj.br',
    celular: '9997-0201'
  },
  {
    id: 43,
    nome: 'Mariléia Venâncio Porfirio',
    email: 'marilea@ess.ufrj.br',
    celular: ''
  },
  {
    id: 103,
    nome: 'Marilene Aparecida Coelho',
    email: 'marileneapc@hotmail.com',
    celular: ''
  },
  {
    id: 148,
    nome: 'Marina Machado de Magalhães Gouvêa',
    email: '',
    celular: ''
  },
  {
    id: 76,
    nome: 'Maristela Dal Moro',
    email: 'dalmororj@uol.com.br',
    celular: '9768.7668'
  },
  {
    id: 12,
    nome: 'Marlise Vinagre Silva',
    email: 'marlisevinagre@zipmail.com.br',
    celular: '9671-7379'
  },
  {
    id: 150,
    nome: 'Martha Fortuna Pereira Bastos',
    email: '',
    celular: ''
  },
  { id: 154, nome: 'Mathias Seibel Luce', email: '', celular: '' },
  { id: 100, nome: 'Mauro Luis Iasi', email: '', celular: '' },
  {
    id: 45,
    nome: 'Mavi Pacheco Rodrigues',
    email: 'mavirodrigues@uol.com.br',
    celular: ''
  },
  {
    id: 133,
    nome: 'Mirella Farías Rocha',
    email: 'm.rocha@ess.ufrj.br',
    celular: ''
  },
  {
    id: 77,
    nome: 'Miriam Azambuja Guindani',
    email: 'miriamguindani@terra.com.br',
    celular: ''
  },
  {
    id: 137,
    nome: 'Mossicleia Mendes da Silva',
    email: 'mossi_c@yahoo.com.br',
    celular: ''
  },
  {
    id: 46,
    nome: 'Myriam Moraes Lins de Barros',
    email: 'hlins@openlink.com.br',
    celular: ''
  },
  ... 28 more items
]
SELECT id, nome, email, celular FROM docentes ORDER BY nome ASC
[]
Query executed successfully
Rows returned: 128
[
  { id: 86, nome: 'Adriana Ramos', email: '', celular: '' },
  { id: 95, nome: 'Adriana Vasconcelos', email: '', celular: '' },
  {
    id: 13,
    nome: 'Alejandra Pastorini Corleto',
    email: 'alejapasto@terra.com.br',
    celular: '9815-8240'
  },
  { id: 73, nome: 'Alessandra Gomes Mendes', email: '', celular: '' },
  { id: 157, nome: 'Aline Caldeira Lopes', email: '', celular: '' },
  {
    id: 104,
    nome: 'Alzira Mitz Bernardes Guarany',
    email: '',
    celular: ''
  },
  {
    id: 1,
    nome: 'Ana Izabel Pelegrino',
    email: 'aizabel@ig.com.br',
    celular: ''
  },
  {
    id: 2,
    nome: 'Andrea Maria de Paula Teixeira',
    email: 'andtex@ess.ufrj.br',
    celular: '9868-6654'
  },
  {
    id: 14,
    nome: 'Andrea Moraes Alves',
    email: 'moraes@ess.ufrj.br',
    celular: '9732-8534'
  },
  {
    id: 5,
    nome: 'Angela Maria Hygino Rangel',
    email: 'angela.h@globo.com',
    celular: '8800.0731'
  },
  {
    id: 60,
    nome: 'Cacilda Machado',
    email: 'cucamachado@uol.com.br',
    celular: '8808-9710'
  },
  { id: 155, nome: 'Caio Martins', email: '', celular: '' },
  {
    id: 145,
    nome: 'Carla Cecilia Campos Ferreira',
    email: '',
    celular: ''
  },
  {
    id: 4,
    nome: 'Carlos Eduardo Montaño Barreto',
    email: 'montano@ess.ufrj.br',
    celular: ''
  },
  {
    id: 65,
    nome: 'Carlos Nelson Coutinho',
    email: 'cncoutinho@attglobal.net',
    celular: ''
  },
  {
    id: 147,
    nome: 'Carmen Ferreira Corato Costa',
    email: '',
    celular: ''
  },
  {
    id: 72,
    nome: 'Cecília Paiva Neto Cavalcanti',
    email: 'cecia_cavalcante13@hotmail.com',
    celular: ''
  },
  {
    id: 132,
    nome: 'Cézar Henrique Miranda Coelho Maranhão',
    email: '',
    celular: ''
  },
  { id: 102, nome: 'Charles Toniolo De Souza', email: '', celular: '' },
  {
    id: 89,
    nome: 'Claudia Regina Tenorio Monteiro',
    email: '',
    celular: ''
  },
  {
    id: 61,
    nome: 'Cleusa Santos',
    email: 'cleusasantos@uol.com.br',
    celular: '9981-2908'
  },
  { id: 98, nome: 'Denise Luizete Berwanger', email: '', celular: '' },
  { id: 99, nome: 'Dulcéa Machado Martins', email: '', celular: '' },
  {
    id: 85,
    nome: 'Eblin Joseph Farrage',
    email: 'eblin@ig.com.br',
    celular: ''
  },
  {
    id: 20,
    nome: 'Eduardo Mourão Vasconcelos',
    email: 'vasconcelos@ax.apc.org',
    celular: ''
  },
  {
    id: 109,
    nome: 'Elaine Martins Moreira',
    email: 'e.moreira@ess.ufrj.br',
    celular: '97927.8552'
  },
  {
    id: 64,
    nome: 'Eliana Amorin Moura',
    email: 'eamoura@attglobal.net',
    celular: ''
  },
  {
    id: 24,
    nome: 'Erimaldo Matias Nicácio',
    email: 'erimaldo.nicacio@ess.ufrj.br',
    celular: '9602.9642'
  },
  {
    id: 96,
    nome: 'Escarletti dos Santos Pinto',
    email: '',
    celular: ''
  },
  {
    id: 17,
    nome: 'Fátima da Silva Grave',
    email: 'grave@compuland.com.br',
    celular: '8819-2043'
  },
  {
    id: 7,
    nome: 'Fátima Valéria Ferreira De Sousa',
    email: 'fvaleria@ess.ufrj.br',
    celular: ''
  },
  { id: 93, nome: 'Fernanda dos Reis Melo', email: '', celular: '' },
  { id: 136, nome: 'Fernanda Kilduff', email: '', celular: '' },
  { id: 92, nome: 'Fernando Cordeiro Barbosa', email: '', celular: '' },
  {
    id: 9,
    nome: 'Francisco Ary Fernandes de Medeiros',
    email: 'ary@ess.ufrj.br',
    celular: ''
  },
  {
    id: 10,
    nome: 'Gabriela Lema Icasuriaga',
    email: 'gabrielalemai@gmail.com',
    celular: '82727471'
  },
  {
    id: 158,
    nome: 'Genesis De Oliveira Pereira',
    email: '',
    celular: ''
  },
  {
    id: 28,
    nome: 'Giuseppe Mario Cocco',
    email: 'beppo@cfch.ufrj.br',
    celular: '8112-8187'
  },
  { id: 110, nome: 'Gláucia Lelis Alves', email: '', celular: '' },
  {
    id: 134,
    nome: 'Gracyelle Costa Ferreira',
    email: 'gracyellecosta09@gmail.com',
    celular: '98809.2813'
  },
  {
    id: 153,
    nome: 'Guilherme Silva de Almeida',
    email: '',
    celular: ''
  },
  {
    id: 111,
    nome: 'Gustavo Javier Repetti',
    email: 'gustavoessufrj@yahoo.com.br',
    celular: '7530.7323'
  },
  { id: 29, nome: 'Ilma Rezende Soares', email: '', celular: '' },
  {
    id: 58,
    nome: 'Ivan Joseph Charles Labelle',
    email: '',
    celular: ''
  },
  { id: 149, nome: 'Ivanete Salete Boschetti', email: '', celular: '' },
  { id: 30, nome: 'Ivete Ribeiro', email: '', celular: '' },
  {
    id: 31,
    nome: 'Iza Guerra Labelle',
    email: 'iza@cfch.ufrj.br',
    celular: ''
  },
  {
    id: 135,
    nome: 'Jadir Anunciação de Brito',
    email: null,
    celular: null
  },
  {
    id: 105,
    nome: 'Janaína Albuquerque de Camargo Schmidt',
    email: '',
    celular: ''
  },
  {
    id: 32,
    nome: 'Janete Luzia Leite',
    email: 'janetel@uol.com.br',
    celular: '9944-3720'
  },
  {
    id: 11,
    nome: 'Jean Robert Weisshaupt',
    email: 'jeanrobert@ess.ufrj.br',
    celular: ''
  },
  {
    id: 16,
    nome: 'Joana Angelica Barbosa Garcia',
    email: 'joana@ess.ujfr.br',
    celular: ''
  },
  {
    id: 33,
    nome: 'José Augusto Vaz Sampaio Bisneto',
    email: 'zea@ess.ufrj.br',
    celular: ''
  },
  {
    id: 34,
    nome: 'José Maria Gomes',
    email: 'jgomez@uol.com.br',
    celular: '8122-0603'
  },
  {
    id: 35,
    nome: 'José Paulo Netto',
    email: 'jpnetto@uol.com.br',
    celular: ''
  },
  {
    id: 36,
    nome: 'José Pedro Simões Neto',
    email: 'jpsimoes@ess.ufrj.br',
    celular: '9819-2402'
  },
  { id: 141, nome: 'Karla Fernanda Valle', email: '', celular: '' },
  { id: 107, nome: 'Kátia Sento Sé Mello', email: '', celular: '' },
  {
    id: 83,
    nome: 'Larissa Dahmer Pereira',
    email: 'larissadahmer@hotmail.com',
    celular: ''
  },
  { id: 25, nome: 'Laudicéa de Souza Pinto', email: '', celular: '' },
  {
    id: 26,
    nome: 'Leila Escorsim Machado',
    email: 'leila@ess.ufrj.br',
    celular: '9644.6797'
  },
  {
    id: 37,
    nome: 'Leilah Landim Assumpção',
    email: 'llah48@hotmail.com',
    celular: ''
  },
  {
    id: 113,
    nome: 'Leile Silvia Cândido Teixeira',
    email: 'leileteixeiragyn@gmail.com',
    celular: '98848.1188'
  },
  {
    id: 38,
    nome: 'Lenise Lima Fernandes',
    email: 'fernandes@ess.ufrj.br',
    celular: '9803-0096'
  },
  {
    id: 39,
    nome: 'Lilia Guimarães Pougy',
    email: 'lilpougy@zaz.com.br',
    celular: '9956-7800'
  },
  {
    id: 81,
    nome: 'Luana de Souza Siqueira',
    email: 'luanass81@yahoo.com.br',
    celular: ''
  },
  {
    id: 94,
    nome: 'Lúcia Maria da Silva Soares',
    email: '',
    celular: ''
  },
  {
    id: 40,
    nome: 'Lúcia Maria de Carvalho Aragão',
    email: '',
    celular: ''
  },
  {
    id: 22,
    nome: 'Luciana Patrícia Zucco',
    email: 'zucco@ess.ufrj.br',
    celular: '9382-4155'
  },
  {
    id: 15,
    nome: 'Ludmila Fontenele Cavalcanti',
    email: 'ludmario@osite.com.br',
    celular: '9382-4155'
  },
  {
    id: 3,
    nome: 'Luis Eduardo Acosta Acosta',
    email: 'luis@ess.ufjr.br',
    celular: '99987.3711'
  },
  {
    id: 160,
    nome: 'Mably Jane Trindade Tenenblat',
    email: '',
    celular: ''
  },
  {
    id: 142,
    nome: 'Marcelle dos Santos Cordon',
    email: '',
    celular: ''
  },
  {
    id: 19,
    nome: 'Marcelo Braz Moraes Dos Reis',
    email: 'marcelobraz@ess.ufrj.br',
    celular: ''
  },
  {
    id: 101,
    nome: 'Marcos Paulo Oliveira Botelho',
    email: '',
    celular: ''
  },
  { id: 23, nome: 'Maria Carmen Jacob', email: '', celular: '' },
  {
    id: 97,
    nome: 'Maria Cecília Ulhôa Cintra de Mendonça',
    email: '',
    celular: ''
  },
  {
    id: 18,
    nome: 'Maria das Dores Campos Machado',
    email: 'mdcmachado@alternex.com.br',
    celular: '9963-7435'
  },
  {
    id: 41,
    nome: 'Maria de Fátima Cabral Marques Gomes',
    email: 'fgomes@ess.ufrj.br',
    celular: '9344-5744'
  },
  {
    id: 62,
    nome: 'Maria Elizabeth Rondelli de Oliveira',
    email: 'rondelli@rjnet.com.br',
    celular: '8121-0882'
  },
  {
    id: 146,
    nome: 'Maria Josefina Mastropaolo',
    email: '',
    celular: ''
  },
  {
    id: 67,
    nome: 'Maria Lídia Souza da Silveira',
    email: '',
    celular: '9465-1939'
  },
  {
    id: 42,
    nome: 'Maria Magdala Vasconcelos de Araújo',
    email: 'jobmag@gbl.com.br',
    celular: '8147.8153'
  },
  {
    id: 87,
    nome: 'Maria Nasaré Ferreira Pinto',
    email: '',
    celular: ''
  },
  {
    id: 79,
    nome: 'Maria Raimunda Penha Soares',
    email: 'raysoares@hotmail.com',
    celular: ''
  },
  { id: 68, nome: 'Marildo Menegat', email: '', celular: '' },
  {
    id: 44,
    nome: 'Mariléia Marinho Franco Inoue',
    email: 'marilea@ess.ufrj.br',
    celular: '9997-0201'
  },
  {
    id: 43,
    nome: 'Mariléia Venâncio Porfirio',
    email: 'marilea@ess.ufrj.br',
    celular: ''
  },
  {
    id: 103,
    nome: 'Marilene Aparecida Coelho',
    email: 'marileneapc@hotmail.com',
    celular: ''
  },
  {
    id: 148,
    nome: 'Marina Machado de Magalhães Gouvêa',
    email: '',
    celular: ''
  },
  {
    id: 76,
    nome: 'Maristela Dal Moro',
    email: 'dalmororj@uol.com.br',
    celular: '9768.7668'
  },
  {
    id: 12,
    nome: 'Marlise Vinagre Silva',
    email: 'marlisevinagre@zipmail.com.br',
    celular: '9671-7379'
  },
  {
    id: 150,
    nome: 'Martha Fortuna Pereira Bastos',
    email: '',
    celular: ''
  },
  { id: 154, nome: 'Mathias Seibel Luce', email: '', celular: '' },
  { id: 100, nome: 'Mauro Luis Iasi', email: '', celular: '' },
  {
    id: 45,
    nome: 'Mavi Pacheco Rodrigues',
    email: 'mavirodrigues@uol.com.br',
    celular: ''
  },
  {
    id: 133,
    nome: 'Mirella Farías Rocha',
    email: 'm.rocha@ess.ufrj.br',
    celular: ''
  },
  {
    id: 77,
    nome: 'Miriam Azambuja Guindani',
    email: 'miriamguindani@terra.com.br',
    celular: ''
  },
  {
    id: 137,
    nome: 'Mossicleia Mendes da Silva',
    email: 'mossi_c@yahoo.com.br',
    celular: ''
  },
  {
    id: 46,
    nome: 'Myriam Moraes Lins de Barros',
    email: 'hlins@openlink.com.br',
    celular: ''
  },
  ... 28 more items
]
SELECT id, nome, email, celular FROM docentes ORDER BY nome ASC
[]
Query executed successfully
Rows returned: 128
[
  { id: 86, nome: 'Adriana Ramos', email: '', celular: '' },
  { id: 95, nome: 'Adriana Vasconcelos', email: '', celular: '' },
  {
    id: 13,
    nome: 'Alejandra Pastorini Corleto',
    email: 'alejapasto@terra.com.br',
    celular: '9815-8240'
  },
  { id: 73, nome: 'Alessandra Gomes Mendes', email: '', celular: '' },
  { id: 157, nome: 'Aline Caldeira Lopes', email: '', celular: '' },
  {
    id: 104,
    nome: 'Alzira Mitz Bernardes Guarany',
    email: '',
    celular: ''
  },
  {
    id: 1,
    nome: 'Ana Izabel Pelegrino',
    email: 'aizabel@ig.com.br',
    celular: ''
  },
  {
    id: 2,
    nome: 'Andrea Maria de Paula Teixeira',
    email: 'andtex@ess.ufrj.br',
    celular: '9868-6654'
  },
  {
    id: 14,
    nome: 'Andrea Moraes Alves',
    email: 'moraes@ess.ufrj.br',
    celular: '9732-8534'
  },
  {
    id: 5,
    nome: 'Angela Maria Hygino Rangel',
    email: 'angela.h@globo.com',
    celular: '8800.0731'
  },
  {
    id: 60,
    nome: 'Cacilda Machado',
    email: 'cucamachado@uol.com.br',
    celular: '8808-9710'
  },
  { id: 155, nome: 'Caio Martins', email: '', celular: '' },
  {
    id: 145,
    nome: 'Carla Cecilia Campos Ferreira',
    email: '',
    celular: ''
  },
  {
    id: 4,
    nome: 'Carlos Eduardo Montaño Barreto',
    email: 'montano@ess.ufrj.br',
    celular: ''
  },
  {
    id: 65,
    nome: 'Carlos Nelson Coutinho',
    email: 'cncoutinho@attglobal.net',
    celular: ''
  },
  {
    id: 147,
    nome: 'Carmen Ferreira Corato Costa',
    email: '',
    celular: ''
  },
  {
    id: 72,
    nome: 'Cecília Paiva Neto Cavalcanti',
    email: 'cecia_cavalcante13@hotmail.com',
    celular: ''
  },
  {
    id: 132,
    nome: 'Cézar Henrique Miranda Coelho Maranhão',
    email: '',
    celular: ''
  },
  { id: 102, nome: 'Charles Toniolo De Souza', email: '', celular: '' },
  {
    id: 89,
    nome: 'Claudia Regina Tenorio Monteiro',
    email: '',
    celular: ''
  },
  {
    id: 61,
    nome: 'Cleusa Santos',
    email: 'cleusasantos@uol.com.br',
    celular: '9981-2908'
  },
  { id: 98, nome: 'Denise Luizete Berwanger', email: '', celular: '' },
  { id: 99, nome: 'Dulcéa Machado Martins', email: '', celular: '' },
  {
    id: 85,
    nome: 'Eblin Joseph Farrage',
    email: 'eblin@ig.com.br',
    celular: ''
  },
  {
    id: 20,
    nome: 'Eduardo Mourão Vasconcelos',
    email: 'vasconcelos@ax.apc.org',
    celular: ''
  },
  {
    id: 109,
    nome: 'Elaine Martins Moreira',
    email: 'e.moreira@ess.ufrj.br',
    celular: '97927.8552'
  },
  {
    id: 64,
    nome: 'Eliana Amorin Moura',
    email: 'eamoura@attglobal.net',
    celular: ''
  },
  {
    id: 24,
    nome: 'Erimaldo Matias Nicácio',
    email: 'erimaldo.nicacio@ess.ufrj.br',
    celular: '9602.9642'
  },
  {
    id: 96,
    nome: 'Escarletti dos Santos Pinto',
    email: '',
    celular: ''
  },
  {
    id: 17,
    nome: 'Fátima da Silva Grave',
    email: 'grave@compuland.com.br',
    celular: '8819-2043'
  },
  {
    id: 7,
    nome: 'Fátima Valéria Ferreira De Sousa',
    email: 'fvaleria@ess.ufrj.br',
    celular: ''
  },
  { id: 93, nome: 'Fernanda dos Reis Melo', email: '', celular: '' },
  { id: 136, nome: 'Fernanda Kilduff', email: '', celular: '' },
  { id: 92, nome: 'Fernando Cordeiro Barbosa', email: '', celular: '' },
  {
    id: 9,
    nome: 'Francisco Ary Fernandes de Medeiros',
    email: 'ary@ess.ufrj.br',
    celular: ''
  },
  {
    id: 10,
    nome: 'Gabriela Lema Icasuriaga',
    email: 'gabrielalemai@gmail.com',
    celular: '82727471'
  },
  {
    id: 158,
    nome: 'Genesis De Oliveira Pereira',
    email: '',
    celular: ''
  },
  {
    id: 28,
    nome: 'Giuseppe Mario Cocco',
    email: 'beppo@cfch.ufrj.br',
    celular: '8112-8187'
  },
  { id: 110, nome: 'Gláucia Lelis Alves', email: '', celular: '' },
  {
    id: 134,
    nome: 'Gracyelle Costa Ferreira',
    email: 'gracyellecosta09@gmail.com',
    celular: '98809.2813'
  },
  {
    id: 153,
    nome: 'Guilherme Silva de Almeida',
    email: '',
    celular: ''
  },
  {
    id: 111,
    nome: 'Gustavo Javier Repetti',
    email: 'gustavoessufrj@yahoo.com.br',
    celular: '7530.7323'
  },
  { id: 29, nome: 'Ilma Rezende Soares', email: '', celular: '' },
  {
    id: 58,
    nome: 'Ivan Joseph Charles Labelle',
    email: '',
    celular: ''
  },
  { id: 149, nome: 'Ivanete Salete Boschetti', email: '', celular: '' },
  { id: 30, nome: 'Ivete Ribeiro', email: '', celular: '' },
  {
    id: 31,
    nome: 'Iza Guerra Labelle',
    email: 'iza@cfch.ufrj.br',
    celular: ''
  },
  {
    id: 135,
    nome: 'Jadir Anunciação de Brito',
    email: null,
    celular: null
  },
  {
    id: 105,
    nome: 'Janaína Albuquerque de Camargo Schmidt',
    email: '',
    celular: ''
  },
  {
    id: 32,
    nome: 'Janete Luzia Leite',
    email: 'janetel@uol.com.br',
    celular: '9944-3720'
  },
  {
    id: 11,
    nome: 'Jean Robert Weisshaupt',
    email: 'jeanrobert@ess.ufrj.br',
    celular: ''
  },
  {
    id: 16,
    nome: 'Joana Angelica Barbosa Garcia',
    email: 'joana@ess.ujfr.br',
    celular: ''
  },
  {
    id: 33,
    nome: 'José Augusto Vaz Sampaio Bisneto',
    email: 'zea@ess.ufrj.br',
    celular: ''
  },
  {
    id: 34,
    nome: 'José Maria Gomes',
    email: 'jgomez@uol.com.br',
    celular: '8122-0603'
  },
  {
    id: 35,
    nome: 'José Paulo Netto',
    email: 'jpnetto@uol.com.br',
    celular: ''
  },
  {
    id: 36,
    nome: 'José Pedro Simões Neto',
    email: 'jpsimoes@ess.ufrj.br',
    celular: '9819-2402'
  },
  { id: 141, nome: 'Karla Fernanda Valle', email: '', celular: '' },
  { id: 107, nome: 'Kátia Sento Sé Mello', email: '', celular: '' },
  {
    id: 83,
    nome: 'Larissa Dahmer Pereira',
    email: 'larissadahmer@hotmail.com',
    celular: ''
  },
  { id: 25, nome: 'Laudicéa de Souza Pinto', email: '', celular: '' },
  {
    id: 26,
    nome: 'Leila Escorsim Machado',
    email: 'leila@ess.ufrj.br',
    celular: '9644.6797'
  },
  {
    id: 37,
    nome: 'Leilah Landim Assumpção',
    email: 'llah48@hotmail.com',
    celular: ''
  },
  {
    id: 113,
    nome: 'Leile Silvia Cândido Teixeira',
    email: 'leileteixeiragyn@gmail.com',
    celular: '98848.1188'
  },
  {
    id: 38,
    nome: 'Lenise Lima Fernandes',
    email: 'fernandes@ess.ufrj.br',
    celular: '9803-0096'
  },
  {
    id: 39,
    nome: 'Lilia Guimarães Pougy',
    email: 'lilpougy@zaz.com.br',
    celular: '9956-7800'
  },
  {
    id: 81,
    nome: 'Luana de Souza Siqueira',
    email: 'luanass81@yahoo.com.br',
    celular: ''
  },
  {
    id: 94,
    nome: 'Lúcia Maria da Silva Soares',
    email: '',
    celular: ''
  },
  {
    id: 40,
    nome: 'Lúcia Maria de Carvalho Aragão',
    email: '',
    celular: ''
  },
  {
    id: 22,
    nome: 'Luciana Patrícia Zucco',
    email: 'zucco@ess.ufrj.br',
    celular: '9382-4155'
  },
  {
    id: 15,
    nome: 'Ludmila Fontenele Cavalcanti',
    email: 'ludmario@osite.com.br',
    celular: '9382-4155'
  },
  {
    id: 3,
    nome: 'Luis Eduardo Acosta Acosta',
    email: 'luis@ess.ufjr.br',
    celular: '99987.3711'
  },
  {
    id: 160,
    nome: 'Mably Jane Trindade Tenenblat',
    email: '',
    celular: ''
  },
  {
    id: 142,
    nome: 'Marcelle dos Santos Cordon',
    email: '',
    celular: ''
  },
  {
    id: 19,
    nome: 'Marcelo Braz Moraes Dos Reis',
    email: 'marcelobraz@ess.ufrj.br',
    celular: ''
  },
  {
    id: 101,
    nome: 'Marcos Paulo Oliveira Botelho',
    email: '',
    celular: ''
  },
  { id: 23, nome: 'Maria Carmen Jacob', email: '', celular: '' },
  {
    id: 97,
    nome: 'Maria Cecília Ulhôa Cintra de Mendonça',
    email: '',
    celular: ''
  },
  {
    id: 18,
    nome: 'Maria das Dores Campos Machado',
    email: 'mdcmachado@alternex.com.br',
    celular: '9963-7435'
  },
  {
    id: 41,
    nome: 'Maria de Fátima Cabral Marques Gomes',
    email: 'fgomes@ess.ufrj.br',
    celular: '9344-5744'
  },
  {
    id: 62,
    nome: 'Maria Elizabeth Rondelli de Oliveira',
    email: 'rondelli@rjnet.com.br',
    celular: '8121-0882'
  },
  {
    id: 146,
    nome: 'Maria Josefina Mastropaolo',
    email: '',
    celular: ''
  },
  {
    id: 67,
    nome: 'Maria Lídia Souza da Silveira',
    email: '',
    celular: '9465-1939'
  },
  {
    id: 42,
    nome: 'Maria Magdala Vasconcelos de Araújo',
    email: 'jobmag@gbl.com.br',
    celular: '8147.8153'
  },
  {
    id: 87,
    nome: 'Maria Nasaré Ferreira Pinto',
    email: '',
    celular: ''
  },
  {
    id: 79,
    nome: 'Maria Raimunda Penha Soares',
    email: 'raysoares@hotmail.com',
    celular: ''
  },
  { id: 68, nome: 'Marildo Menegat', email: '', celular: '' },
  {
    id: 44,
    nome: 'Mariléia Marinho Franco Inoue',
    email: 'marilea@ess.ufrj.br',
    celular: '9997-0201'
  },
  {
    id: 43,
    nome: 'Mariléia Venâncio Porfirio',
    email: 'marilea@ess.ufrj.br',
    celular: ''
  },
  {
    id: 103,
    nome: 'Marilene Aparecida Coelho',
    email: 'marileneapc@hotmail.com',
    celular: ''
  },
  {
    id: 148,
    nome: 'Marina Machado de Magalhães Gouvêa',
    email: '',
    celular: ''
  },
  {
    id: 76,
    nome: 'Maristela Dal Moro',
    email: 'dalmororj@uol.com.br',
    celular: '9768.7668'
  },
  {
    id: 12,
    nome: 'Marlise Vinagre Silva',
    email: 'marlisevinagre@zipmail.com.br',
    celular: '9671-7379'
  },
  {
    id: 150,
    nome: 'Martha Fortuna Pereira Bastos',
    email: '',
    celular: ''
  },
  { id: 154, nome: 'Mathias Seibel Luce', email: '', celular: '' },
  { id: 100, nome: 'Mauro Luis Iasi', email: '', celular: '' },
  {
    id: 45,
    nome: 'Mavi Pacheco Rodrigues',
    email: 'mavirodrigues@uol.com.br',
    celular: ''
  },
  {
    id: 133,
    nome: 'Mirella Farías Rocha',
    email: 'm.rocha@ess.ufrj.br',
    celular: ''
  },
  {
    id: 77,
    nome: 'Miriam Azambuja Guindani',
    email: 'miriamguindani@terra.com.br',
    celular: ''
  },
  {
    id: 137,
    nome: 'Mossicleia Mendes da Silva',
    email: 'mossi_c@yahoo.com.br',
    celular: ''
  },
  {
    id: 46,
    nome: 'Myriam Moraes Lins de Barros',
    email: 'hlins@openlink.com.br',
    celular: ''
  },
  ... 28 more items
]
SELECT id, nome, email, celular FROM docentes ORDER BY nome ASC
[]
Query executed successfully
Rows returned: 128
[
  { id: 86, nome: 'Adriana Ramos', email: '', celular: '' },
  { id: 95, nome: 'Adriana Vasconcelos', email: '', celular: '' },
  {
    id: 13,
    nome: 'Alejandra Pastorini Corleto',
    email: 'alejapasto@terra.com.br',
    celular: '9815-8240'
  },
  { id: 73, nome: 'Alessandra Gomes Mendes', email: '', celular: '' },
  { id: 157, nome: 'Aline Caldeira Lopes', email: '', celular: '' },
  {
    id: 104,
    nome: 'Alzira Mitz Bernardes Guarany',
    email: '',
    celular: ''
  },
  {
    id: 1,
    nome: 'Ana Izabel Pelegrino',
    email: 'aizabel@ig.com.br',
    celular: ''
  },
  {
    id: 2,
    nome: 'Andrea Maria de Paula Teixeira',
    email: 'andtex@ess.ufrj.br',
    celular: '9868-6654'
  },
  {
    id: 14,
    nome: 'Andrea Moraes Alves',
    email: 'moraes@ess.ufrj.br',
    celular: '9732-8534'
  },
  {
    id: 5,
    nome: 'Angela Maria Hygino Rangel',
    email: 'angela.h@globo.com',
    celular: '8800.0731'
  },
  {
    id: 60,
    nome: 'Cacilda Machado',
    email: 'cucamachado@uol.com.br',
    celular: '8808-9710'
  },
  { id: 155, nome: 'Caio Martins', email: '', celular: '' },
  {
    id: 145,
    nome: 'Carla Cecilia Campos Ferreira',
    email: '',
    celular: ''
  },
  {
    id: 4,
    nome: 'Carlos Eduardo Montaño Barreto',
    email: 'montano@ess.ufrj.br',
    celular: ''
  },
  {
    id: 65,
    nome: 'Carlos Nelson Coutinho',
    email: 'cncoutinho@attglobal.net',
    celular: ''
  },
  {
    id: 147,
    nome: 'Carmen Ferreira Corato Costa',
    email: '',
    celular: ''
  },
  {
    id: 72,
    nome: 'Cecília Paiva Neto Cavalcanti',
    email: 'cecia_cavalcante13@hotmail.com',
    celular: ''
  },
  {
    id: 132,
    nome: 'Cézar Henrique Miranda Coelho Maranhão',
    email: '',
    celular: ''
  },
  { id: 102, nome: 'Charles Toniolo De Souza', email: '', celular: '' },
  {
    id: 89,
    nome: 'Claudia Regina Tenorio Monteiro',
    email: '',
    celular: ''
  },
  {
    id: 61,
    nome: 'Cleusa Santos',
    email: 'cleusasantos@uol.com.br',
    celular: '9981-2908'
  },
  { id: 98, nome: 'Denise Luizete Berwanger', email: '', celular: '' },
  { id: 99, nome: 'Dulcéa Machado Martins', email: '', celular: '' },
  {
    id: 85,
    nome: 'Eblin Joseph Farrage',
    email: 'eblin@ig.com.br',
    celular: ''
  },
  {
    id: 20,
    nome: 'Eduardo Mourão Vasconcelos',
    email: 'vasconcelos@ax.apc.org',
    celular: ''
  },
  {
    id: 109,
    nome: 'Elaine Martins Moreira',
    email: 'e.moreira@ess.ufrj.br',
    celular: '97927.8552'
  },
  {
    id: 64,
    nome: 'Eliana Amorin Moura',
    email: 'eamoura@attglobal.net',
    celular: ''
  },
  {
    id: 24,
    nome: 'Erimaldo Matias Nicácio',
    email: 'erimaldo.nicacio@ess.ufrj.br',
    celular: '9602.9642'
  },
  {
    id: 96,
    nome: 'Escarletti dos Santos Pinto',
    email: '',
    celular: ''
  },
  {
    id: 17,
    nome: 'Fátima da Silva Grave',
    email: 'grave@compuland.com.br',
    celular: '8819-2043'
  },
  {
    id: 7,
    nome: 'Fátima Valéria Ferreira De Sousa',
    email: 'fvaleria@ess.ufrj.br',
    celular: ''
  },
  { id: 93, nome: 'Fernanda dos Reis Melo', email: '', celular: '' },
  { id: 136, nome: 'Fernanda Kilduff', email: '', celular: '' },
  { id: 92, nome: 'Fernando Cordeiro Barbosa', email: '', celular: '' },
  {
    id: 9,
    nome: 'Francisco Ary Fernandes de Medeiros',
    email: 'ary@ess.ufrj.br',
    celular: ''
  },
  {
    id: 10,
    nome: 'Gabriela Lema Icasuriaga',
    email: 'gabrielalemai@gmail.com',
    celular: '82727471'
  },
  {
    id: 158,
    nome: 'Genesis De Oliveira Pereira',
    email: '',
    celular: ''
  },
  {
    id: 28,
    nome: 'Giuseppe Mario Cocco',
    email: 'beppo@cfch.ufrj.br',
    celular: '8112-8187'
  },
  { id: 110, nome: 'Gláucia Lelis Alves', email: '', celular: '' },
  {
    id: 134,
    nome: 'Gracyelle Costa Ferreira',
    email: 'gracyellecosta09@gmail.com',
    celular: '98809.2813'
  },
  {
    id: 153,
    nome: 'Guilherme Silva de Almeida',
    email: '',
    celular: ''
  },
  {
    id: 111,
    nome: 'Gustavo Javier Repetti',
    email: 'gustavoessufrj@yahoo.com.br',
    celular: '7530.7323'
  },
  { id: 29, nome: 'Ilma Rezende Soares', email: '', celular: '' },
  {
    id: 58,
    nome: 'Ivan Joseph Charles Labelle',
    email: '',
    celular: ''
  },
  { id: 149, nome: 'Ivanete Salete Boschetti', email: '', celular: '' },
  { id: 30, nome: 'Ivete Ribeiro', email: '', celular: '' },
  {
    id: 31,
    nome: 'Iza Guerra Labelle',
    email: 'iza@cfch.ufrj.br',
    celular: ''
  },
  {
    id: 135,
    nome: 'Jadir Anunciação de Brito',
    email: null,
    celular: null
  },
  {
    id: 105,
    nome: 'Janaína Albuquerque de Camargo Schmidt',
    email: '',
    celular: ''
  },
  {
    id: 32,
    nome: 'Janete Luzia Leite',
    email: 'janetel@uol.com.br',
    celular: '9944-3720'
  },
  {
    id: 11,
    nome: 'Jean Robert Weisshaupt',
    email: 'jeanrobert@ess.ufrj.br',
    celular: ''
  },
  {
    id: 16,
    nome: 'Joana Angelica Barbosa Garcia',
    email: 'joana@ess.ujfr.br',
    celular: ''
  },
  {
    id: 33,
    nome: 'José Augusto Vaz Sampaio Bisneto',
    email: 'zea@ess.ufrj.br',
    celular: ''
  },
  {
    id: 34,
    nome: 'José Maria Gomes',
    email: 'jgomez@uol.com.br',
    celular: '8122-0603'
  },
  {
    id: 35,
    nome: 'José Paulo Netto',
    email: 'jpnetto@uol.com.br',
    celular: ''
  },
  {
    id: 36,
    nome: 'José Pedro Simões Neto',
    email: 'jpsimoes@ess.ufrj.br',
    celular: '9819-2402'
  },
  { id: 141, nome: 'Karla Fernanda Valle', email: '', celular: '' },
  { id: 107, nome: 'Kátia Sento Sé Mello', email: '', celular: '' },
  {
    id: 83,
    nome: 'Larissa Dahmer Pereira',
    email: 'larissadahmer@hotmail.com',
    celular: ''
  },
  { id: 25, nome: 'Laudicéa de Souza Pinto', email: '', celular: '' },
  {
    id: 26,
    nome: 'Leila Escorsim Machado',
    email: 'leila@ess.ufrj.br',
    celular: '9644.6797'
  },
  {
    id: 37,
    nome: 'Leilah Landim Assumpção',
    email: 'llah48@hotmail.com',
    celular: ''
  },
  {
    id: 113,
    nome: 'Leile Silvia Cândido Teixeira',
    email: 'leileteixeiragyn@gmail.com',
    celular: '98848.1188'
  },
  {
    id: 38,
    nome: 'Lenise Lima Fernandes',
    email: 'fernandes@ess.ufrj.br',
    celular: '9803-0096'
  },
  {
    id: 39,
    nome: 'Lilia Guimarães Pougy',
    email: 'lilpougy@zaz.com.br',
    celular: '9956-7800'
  },
  {
    id: 81,
    nome: 'Luana de Souza Siqueira',
    email: 'luanass81@yahoo.com.br',
    celular: ''
  },
  {
    id: 94,
    nome: 'Lúcia Maria da Silva Soares',
    email: '',
    celular: ''
  },
  {
    id: 40,
    nome: 'Lúcia Maria de Carvalho Aragão',
    email: '',
    celular: ''
  },
  {
    id: 22,
    nome: 'Luciana Patrícia Zucco',
    email: 'zucco@ess.ufrj.br',
    celular: '9382-4155'
  },
  {
    id: 15,
    nome: 'Ludmila Fontenele Cavalcanti',
    email: 'ludmario@osite.com.br',
    celular: '9382-4155'
  },
  {
    id: 3,
    nome: 'Luis Eduardo Acosta Acosta',
    email: 'luis@ess.ufjr.br',
    celular: '99987.3711'
  },
  {
    id: 160,
    nome: 'Mably Jane Trindade Tenenblat',
    email: '',
    celular: ''
  },
  {
    id: 142,
    nome: 'Marcelle dos Santos Cordon',
    email: '',
    celular: ''
  },
  {
    id: 19,
    nome: 'Marcelo Braz Moraes Dos Reis',
    email: 'marcelobraz@ess.ufrj.br',
    celular: ''
  },
  {
    id: 101,
    nome: 'Marcos Paulo Oliveira Botelho',
    email: '',
    celular: ''
  },
  { id: 23, nome: 'Maria Carmen Jacob', email: '', celular: '' },
  {
    id: 97,
    nome: 'Maria Cecília Ulhôa Cintra de Mendonça',
    email: '',
    celular: ''
  },
  {
    id: 18,
    nome: 'Maria das Dores Campos Machado',
    email: 'mdcmachado@alternex.com.br',
    celular: '9963-7435'
  },
  {
    id: 41,
    nome: 'Maria de Fátima Cabral Marques Gomes',
    email: 'fgomes@ess.ufrj.br',
    celular: '9344-5744'
  },
  {
    id: 62,
    nome: 'Maria Elizabeth Rondelli de Oliveira',
    email: 'rondelli@rjnet.com.br',
    celular: '8121-0882'
  },
  {
    id: 146,
    nome: 'Maria Josefina Mastropaolo',
    email: '',
    celular: ''
  },
  {
    id: 67,
    nome: 'Maria Lídia Souza da Silveira',
    email: '',
    celular: '9465-1939'
  },
  {
    id: 42,
    nome: 'Maria Magdala Vasconcelos de Araújo',
    email: 'jobmag@gbl.com.br',
    celular: '8147.8153'
  },
  {
    id: 87,
    nome: 'Maria Nasaré Ferreira Pinto',
    email: '',
    celular: ''
  },
  {
    id: 79,
    nome: 'Maria Raimunda Penha Soares',
    email: 'raysoares@hotmail.com',
    celular: ''
  },
  { id: 68, nome: 'Marildo Menegat', email: '', celular: '' },
  {
    id: 44,
    nome: 'Mariléia Marinho Franco Inoue',
    email: 'marilea@ess.ufrj.br',
    celular: '9997-0201'
  },
  {
    id: 43,
    nome: 'Mariléia Venâncio Porfirio',
    email: 'marilea@ess.ufrj.br',
    celular: ''
  },
  {
    id: 103,
    nome: 'Marilene Aparecida Coelho',
    email: 'marileneapc@hotmail.com',
    celular: ''
  },
  {
    id: 148,
    nome: 'Marina Machado de Magalhães Gouvêa',
    email: '',
    celular: ''
  },
  {
    id: 76,
    nome: 'Maristela Dal Moro',
    email: 'dalmororj@uol.com.br',
    celular: '9768.7668'
  },
  {
    id: 12,
    nome: 'Marlise Vinagre Silva',
    email: 'marlisevinagre@zipmail.com.br',
    celular: '9671-7379'
  },
  {
    id: 150,
    nome: 'Martha Fortuna Pereira Bastos',
    email: '',
    celular: ''
  },
  { id: 154, nome: 'Mathias Seibel Luce', email: '', celular: '' },
  { id: 100, nome: 'Mauro Luis Iasi', email: '', celular: '' },
  {
    id: 45,
    nome: 'Mavi Pacheco Rodrigues',
    email: 'mavirodrigues@uol.com.br',
    celular: ''
  },
  {
    id: 133,
    nome: 'Mirella Farías Rocha',
    email: 'm.rocha@ess.ufrj.br',
    celular: ''
  },
  {
    id: 77,
    nome: 'Miriam Azambuja Guindani',
    email: 'miriamguindani@terra.com.br',
    celular: ''
  },
  {
    id: 137,
    nome: 'Mossicleia Mendes da Silva',
    email: 'mossi_c@yahoo.com.br',
    celular: ''
  },
  {
    id: 46,
    nome: 'Myriam Moraes Lins de Barros',
    email: 'hlins@openlink.com.br',
    celular: ''
  },
  ... 28 more items
]
SELECT id, nome, email, celular FROM docentes ORDER BY nome ASC
[]
Query executed successfully
Rows returned: 128
[
  { id: 86, nome: 'Adriana Ramos', email: '', celular: '' },
  { id: 95, nome: 'Adriana Vasconcelos', email: '', celular: '' },
  {
    id: 13,
    nome: 'Alejandra Pastorini Corleto',
    email: 'alejapasto@terra.com.br',
    celular: '9815-8240'
  },
  { id: 73, nome: 'Alessandra Gomes Mendes', email: '', celular: '' },
  { id: 157, nome: 'Aline Caldeira Lopes', email: '', celular: '' },
  {
    id: 104,
    nome: 'Alzira Mitz Bernardes Guarany',
    email: '',
    celular: ''
  },
  {
    id: 1,
    nome: 'Ana Izabel Pelegrino',
    email: 'aizabel@ig.com.br',
    celular: ''
  },
  {
    id: 2,
    nome: 'Andrea Maria de Paula Teixeira',
    email: 'andtex@ess.ufrj.br',
    celular: '9868-6654'
  },
  {
    id: 14,
    nome: 'Andrea Moraes Alves',
    email: 'moraes@ess.ufrj.br',
    celular: '9732-8534'
  },
  {
    id: 5,
    nome: 'Angela Maria Hygino Rangel',
    email: 'angela.h@globo.com',
    celular: '8800.0731'
  },
  {
    id: 60,
    nome: 'Cacilda Machado',
    email: 'cucamachado@uol.com.br',
    celular: '8808-9710'
  },
  { id: 155, nome: 'Caio Martins', email: '', celular: '' },
  {
    id: 145,
    nome: 'Carla Cecilia Campos Ferreira',
    email: '',
    celular: ''
  },
  {
    id: 4,
    nome: 'Carlos Eduardo Montaño Barreto',
    email: 'montano@ess.ufrj.br',
    celular: ''
  },
  {
    id: 65,
    nome: 'Carlos Nelson Coutinho',
    email: 'cncoutinho@attglobal.net',
    celular: ''
  },
  {
    id: 147,
    nome: 'Carmen Ferreira Corato Costa',
    email: '',
    celular: ''
  },
  {
    id: 72,
    nome: 'Cecília Paiva Neto Cavalcanti',
    email: 'cecia_cavalcante13@hotmail.com',
    celular: ''
  },
  {
    id: 132,
    nome: 'Cézar Henrique Miranda Coelho Maranhão',
    email: '',
    celular: ''
  },
  { id: 102, nome: 'Charles Toniolo De Souza', email: '', celular: '' },
  {
    id: 89,
    nome: 'Claudia Regina Tenorio Monteiro',
    email: '',
    celular: ''
  },
  {
    id: 61,
    nome: 'Cleusa Santos',
    email: 'cleusasantos@uol.com.br',
    celular: '9981-2908'
  },
  { id: 98, nome: 'Denise Luizete Berwanger', email: '', celular: '' },
  { id: 99, nome: 'Dulcéa Machado Martins', email: '', celular: '' },
  {
    id: 85,
    nome: 'Eblin Joseph Farrage',
    email: 'eblin@ig.com.br',
    celular: ''
  },
  {
    id: 20,
    nome: 'Eduardo Mourão Vasconcelos',
    email: 'vasconcelos@ax.apc.org',
    celular: ''
  },
  {
    id: 109,
    nome: 'Elaine Martins Moreira',
    email: 'e.moreira@ess.ufrj.br',
    celular: '97927.8552'
  },
  {
    id: 64,
    nome: 'Eliana Amorin Moura',
    email: 'eamoura@attglobal.net',
    celular: ''
  },
  {
    id: 24,
    nome: 'Erimaldo Matias Nicácio',
    email: 'erimaldo.nicacio@ess.ufrj.br',
    celular: '9602.9642'
  },
  {
    id: 96,
    nome: 'Escarletti dos Santos Pinto',
    email: '',
    celular: ''
  },
  {
    id: 17,
    nome: 'Fátima da Silva Grave',
    email: 'grave@compuland.com.br',
    celular: '8819-2043'
  },
  {
    id: 7,
    nome: 'Fátima Valéria Ferreira De Sousa',
    email: 'fvaleria@ess.ufrj.br',
    celular: ''
  },
  { id: 93, nome: 'Fernanda dos Reis Melo', email: '', celular: '' },
  { id: 136, nome: 'Fernanda Kilduff', email: '', celular: '' },
  { id: 92, nome: 'Fernando Cordeiro Barbosa', email: '', celular: '' },
  {
    id: 9,
    nome: 'Francisco Ary Fernandes de Medeiros',
    email: 'ary@ess.ufrj.br',
    celular: ''
  },
  {
    id: 10,
    nome: 'Gabriela Lema Icasuriaga',
    email: 'gabrielalemai@gmail.com',
    celular: '82727471'
  },
  {
    id: 158,
    nome: 'Genesis De Oliveira Pereira',
    email: '',
    celular: ''
  },
  {
    id: 28,
    nome: 'Giuseppe Mario Cocco',
    email: 'beppo@cfch.ufrj.br',
    celular: '8112-8187'
  },
  { id: 110, nome: 'Gláucia Lelis Alves', email: '', celular: '' },
  {
    id: 134,
    nome: 'Gracyelle Costa Ferreira',
    email: 'gracyellecosta09@gmail.com',
    celular: '98809.2813'
  },
  {
    id: 153,
    nome: 'Guilherme Silva de Almeida',
    email: '',
    celular: ''
  },
  {
    id: 111,
    nome: 'Gustavo Javier Repetti',
    email: 'gustavoessufrj@yahoo.com.br',
    celular: '7530.7323'
  },
  { id: 29, nome: 'Ilma Rezende Soares', email: '', celular: '' },
  {
    id: 58,
    nome: 'Ivan Joseph Charles Labelle',
    email: '',
    celular: ''
  },
  { id: 149, nome: 'Ivanete Salete Boschetti', email: '', celular: '' },
  { id: 30, nome: 'Ivete Ribeiro', email: '', celular: '' },
  {
    id: 31,
    nome: 'Iza Guerra Labelle',
    email: 'iza@cfch.ufrj.br',
    celular: ''
  },
  {
    id: 135,
    nome: 'Jadir Anunciação de Brito',
    email: null,
    celular: null
  },
  {
    id: 105,
    nome: 'Janaína Albuquerque de Camargo Schmidt',
    email: '',
    celular: ''
  },
  {
    id: 32,
    nome: 'Janete Luzia Leite',
    email: 'janetel@uol.com.br',
    celular: '9944-3720'
  },
  {
    id: 11,
    nome: 'Jean Robert Weisshaupt',
    email: 'jeanrobert@ess.ufrj.br',
    celular: ''
  },
  {
    id: 16,
    nome: 'Joana Angelica Barbosa Garcia',
    email: 'joana@ess.ujfr.br',
    celular: ''
  },
  {
    id: 33,
    nome: 'José Augusto Vaz Sampaio Bisneto',
    email: 'zea@ess.ufrj.br',
    celular: ''
  },
  {
    id: 34,
    nome: 'José Maria Gomes',
    email: 'jgomez@uol.com.br',
    celular: '8122-0603'
  },
  {
    id: 35,
    nome: 'José Paulo Netto',
    email: 'jpnetto@uol.com.br',
    celular: ''
  },
  {
    id: 36,
    nome: 'José Pedro Simões Neto',
    email: 'jpsimoes@ess.ufrj.br',
    celular: '9819-2402'
  },
  { id: 141, nome: 'Karla Fernanda Valle', email: '', celular: '' },
  { id: 107, nome: 'Kátia Sento Sé Mello', email: '', celular: '' },
  {
    id: 83,
    nome: 'Larissa Dahmer Pereira',
    email: 'larissadahmer@hotmail.com',
    celular: ''
  },
  { id: 25, nome: 'Laudicéa de Souza Pinto', email: '', celular: '' },
  {
    id: 26,
    nome: 'Leila Escorsim Machado',
    email: 'leila@ess.ufrj.br',
    celular: '9644.6797'
  },
  {
    id: 37,
    nome: 'Leilah Landim Assumpção',
    email: 'llah48@hotmail.com',
    celular: ''
  },
  {
    id: 113,
    nome: 'Leile Silvia Cândido Teixeira',
    email: 'leileteixeiragyn@gmail.com',
    celular: '98848.1188'
  },
  {
    id: 38,
    nome: 'Lenise Lima Fernandes',
    email: 'fernandes@ess.ufrj.br',
    celular: '9803-0096'
  },
  {
    id: 39,
    nome: 'Lilia Guimarães Pougy',
    email: 'lilpougy@zaz.com.br',
    celular: '9956-7800'
  },
  {
    id: 81,
    nome: 'Luana de Souza Siqueira',
    email: 'luanass81@yahoo.com.br',
    celular: ''
  },
  {
    id: 94,
    nome: 'Lúcia Maria da Silva Soares',
    email: '',
    celular: ''
  },
  {
    id: 40,
    nome: 'Lúcia Maria de Carvalho Aragão',
    email: '',
    celular: ''
  },
  {
    id: 22,
    nome: 'Luciana Patrícia Zucco',
    email: 'zucco@ess.ufrj.br',
    celular: '9382-4155'
  },
  {
    id: 15,
    nome: 'Ludmila Fontenele Cavalcanti',
    email: 'ludmario@osite.com.br',
    celular: '9382-4155'
  },
  {
    id: 3,
    nome: 'Luis Eduardo Acosta Acosta',
    email: 'luis@ess.ufjr.br',
    celular: '99987.3711'
  },
  {
    id: 160,
    nome: 'Mably Jane Trindade Tenenblat',
    email: '',
    celular: ''
  },
  {
    id: 142,
    nome: 'Marcelle dos Santos Cordon',
    email: '',
    celular: ''
  },
  {
    id: 19,
    nome: 'Marcelo Braz Moraes Dos Reis',
    email: 'marcelobraz@ess.ufrj.br',
    celular: ''
  },
  {
    id: 101,
    nome: 'Marcos Paulo Oliveira Botelho',
    email: '',
    celular: ''
  },
  { id: 23, nome: 'Maria Carmen Jacob', email: '', celular: '' },
  {
    id: 97,
    nome: 'Maria Cecília Ulhôa Cintra de Mendonça',
    email: '',
    celular: ''
  },
  {
    id: 18,
    nome: 'Maria das Dores Campos Machado',
    email: 'mdcmachado@alternex.com.br',
    celular: '9963-7435'
  },
  {
    id: 41,
    nome: 'Maria de Fátima Cabral Marques Gomes',
    email: 'fgomes@ess.ufrj.br',
    celular: '9344-5744'
  },
  {
    id: 62,
    nome: 'Maria Elizabeth Rondelli de Oliveira',
    email: 'rondelli@rjnet.com.br',
    celular: '8121-0882'
  },
  {
    id: 146,
    nome: 'Maria Josefina Mastropaolo',
    email: '',
    celular: ''
  },
  {
    id: 67,
    nome: 'Maria Lídia Souza da Silveira',
    email: '',
    celular: '9465-1939'
  },
  {
    id: 42,
    nome: 'Maria Magdala Vasconcelos de Araújo',
    email: 'jobmag@gbl.com.br',
    celular: '8147.8153'
  },
  {
    id: 87,
    nome: 'Maria Nasaré Ferreira Pinto',
    email: '',
    celular: ''
  },
  {
    id: 79,
    nome: 'Maria Raimunda Penha Soares',
    email: 'raysoares@hotmail.com',
    celular: ''
  },
  { id: 68, nome: 'Marildo Menegat', email: '', celular: '' },
  {
    id: 44,
    nome: 'Mariléia Marinho Franco Inoue',
    email: 'marilea@ess.ufrj.br',
    celular: '9997-0201'
  },
  {
    id: 43,
    nome: 'Mariléia Venâncio Porfirio',
    email: 'marilea@ess.ufrj.br',
    celular: ''
  },
  {
    id: 103,
    nome: 'Marilene Aparecida Coelho',
    email: 'marileneapc@hotmail.com',
    celular: ''
  },
  {
    id: 148,
    nome: 'Marina Machado de Magalhães Gouvêa',
    email: '',
    celular: ''
  },
  {
    id: 76,
    nome: 'Maristela Dal Moro',
    email: 'dalmororj@uol.com.br',
    celular: '9768.7668'
  },
  {
    id: 12,
    nome: 'Marlise Vinagre Silva',
    email: 'marlisevinagre@zipmail.com.br',
    celular: '9671-7379'
  },
  {
    id: 150,
    nome: 'Martha Fortuna Pereira Bastos',
    email: '',
    celular: ''
  },
  { id: 154, nome: 'Mathias Seibel Luce', email: '', celular: '' },
  { id: 100, nome: 'Mauro Luis Iasi', email: '', celular: '' },
  {
    id: 45,
    nome: 'Mavi Pacheco Rodrigues',
    email: 'mavirodrigues@uol.com.br',
    celular: ''
  },
  {
    id: 133,
    nome: 'Mirella Farías Rocha',
    email: 'm.rocha@ess.ufrj.br',
    celular: ''
  },
  {
    id: 77,
    nome: 'Miriam Azambuja Guindani',
    email: 'miriamguindani@terra.com.br',
    celular: ''
  },
  {
    id: 137,
    nome: 'Mossicleia Mendes da Silva',
    email: 'mossi_c@yahoo.com.br',
    celular: ''
  },
  {
    id: 46,
    nome: 'Myriam Moraes Lins de Barros',
    email: 'hlins@openlink.com.br',
    celular: ''
  },
  ... 28 more items
]
